<?xml version="1.0" encoding="UTF-8"?>
<!-- Generated by org.testng.reporters.JUnitXMLReporter -->
<testsuite ignored="1" hostname="Ankit" failures="0" tests="3" name="Default test" time="5.613" errors="0" timestamp="2024-09-24T11:07:23 IST">
  <testcase classname="test_01.HTTPRequests" name="createUsers" time="4.023"/>
  <testcase classname="test_01.HTTPRequests" name="getUsers" time="1.033"/>
  <testcase classname="test_01.HTTPRequests" name="updateUser" time="0.48"/>
  <testcase classname="test_01.HTTPRequests" name="deleteUser" time="0.0">
    <ignored/>
  </testcase> <!-- deleteUser -->
</testsuite> <!-- Default test -->
