<?xml version="1.0" encoding="UTF-8"?>
<!-- Generated by org.testng.reporters.JUnitXMLReporter -->
<testsuite ignored="0" hostname="Ankit" failures="0" tests="4" name="Default test" time="5.654" errors="0" timestamp="2024-05-08T22:03:08 IST">
  <testcase classname="test_01.HTTPRequests" name="deleteUser" time="3.082"/>
  <testcase classname="test_01.HTTPRequests" name="getUsers" time="1.041"/>
  <testcase classname="test_01.HTTPRequests" name="createUsers" time="0.519"/>
  <testcase classname="test_01.HTTPRequests" name="updateUser" time="0.921"/>
</testsuite> <!-- Default test -->
