<?xml version="1.0" encoding="UTF-8"?>
<testng-results ignored="0" total="3" passed="3" failed="0" skipped="0">
  <reporter-output>
  </reporter-output>
  <suite started-at="2024-09-24T11:07:18 IST" name="Default suite" finished-at="2024-09-24T11:07:23 IST" duration-ms="5613">
    <groups>
    </groups>
    <test started-at="2024-09-24T11:07:18 IST" name="Default test" finished-at="2024-09-24T11:07:23 IST" duration-ms="5613">
      <class name="test_01.HTTPRequests">
        <test-method signature="createUsers()[pri:0, instance:test_01.HTTPRequests@399f45b1]" started-at="2024-09-24T11:07:18 IST" name="createUsers" finished-at="2024-09-24T11:07:22 IST" duration-ms="4023" status="PASS">
          <reporter-output>
          </reporter-output>
        </test-method> <!-- createUsers -->
        <test-method signature="getUsers()[pri:0, instance:test_01.HTTPRequests@399f45b1]" started-at="2024-09-24T11:07:22 IST" name="getUsers" finished-at="2024-09-24T11:07:23 IST" duration-ms="1033" status="PASS">
          <reporter-output>
          </reporter-output>
        </test-method> <!-- getUsers -->
        <test-method signature="updateUser()[pri:0, instance:test_01.HTTPRequests@399f45b1]" started-at="2024-09-24T11:07:23 IST" name="updateUser" finished-at="2024-09-24T11:07:23 IST" duration-ms="480" status="PASS">
          <reporter-output>
          </reporter-output>
        </test-method> <!-- updateUser -->
      </class> <!-- test_01.HTTPRequests -->
    </test> <!-- Default test -->
  </suite> <!-- Default suite -->
</testng-results>
